{"/Users/husnainrashid/Documents/Works/London_On_A_Budget/server/app.js": {"path":"/Users/husnainrashid/Documents/Works/London_On_A_Budget/server/app.js","statementMap":{"0":{"start":{"line":1,"column":20},"end":{"line":1,"column":42}},"1":{"start":{"line":2,"column":16},"end":{"line":2,"column":34}},"2":{"start":{"line":3,"column":13},"end":{"line":3,"column":28}},"3":{"start":{"line":4,"column":15},"end":{"line":4,"column":32}},"4":{"start":{"line":5,"column":12},"end":{"line":5,"column":35}},"5":{"start":{"line":6,"column":14},"end":{"line":6,"column":30}},"6":{"start":{"line":8,"column":21},"end":{"line":8,"column":47}},"7":{"start":{"line":9,"column":20},"end":{"line":9,"column":45}},"8":{"start":{"line":10,"column":24},"end":{"line":10,"column":54}},"9":{"start":{"line":12,"column":12},"end":{"line":12,"column":21}},"10":{"start":{"line":13,"column":13},"end":{"line":13,"column":28}},"11":{"start":{"line":15,"column":0},"end":{"line":15,"column":16}},"12":{"start":{"line":16,"column":0},"end":{"line":16,"column":24}},"13":{"start":{"line":21,"column":0},"end":{"line":21,"column":24}},"14":{"start":{"line":23,"column":0},"end":{"line":23,"column":23}},"15":{"start":{"line":24,"column":0},"end":{"line":24,"column":24}},"16":{"start":{"line":25,"column":0},"end":{"line":25,"column":56}},"17":{"start":{"line":28,"column":21},"end":{"line":45,"column":1}},"18":{"start":{"line":30,"column":21},"end":{"line":30,"column":45}},"19":{"start":{"line":32,"column":2},"end":{"line":34,"column":3}},"20":{"start":{"line":33,"column":4},"end":{"line":33,"column":32}},"21":{"start":{"line":36,"column":2},"end":{"line":44,"column":5}},"22":{"start":{"line":37,"column":4},"end":{"line":43,"column":5}},"23":{"start":{"line":38,"column":6},"end":{"line":38,"column":23}},"24":{"start":{"line":39,"column":6},"end":{"line":39,"column":54}},"25":{"start":{"line":41,"column":6},"end":{"line":41,"column":36}},"26":{"start":{"line":42,"column":6},"end":{"line":42,"column":13}},"27":{"start":{"line":48,"column":0},"end":{"line":48,"column":33}},"28":{"start":{"line":49,"column":0},"end":{"line":49,"column":31}},"29":{"start":{"line":50,"column":0},"end":{"line":50,"column":40}},"30":{"start":{"line":54,"column":0},"end":{"line":56,"column":3}},"31":{"start":{"line":55,"column":2},"end":{"line":55,"column":25}},"32":{"start":{"line":59,"column":0},"end":{"line":66,"column":3}},"33":{"start":{"line":61,"column":2},"end":{"line":61,"column":35}},"34":{"start":{"line":62,"column":2},"end":{"line":62,"column":69}},"35":{"start":{"line":65,"column":2},"end":{"line":65,"column":66}},"36":{"start":{"line":68,"column":0},"end":{"line":76,"column":2}},"37":{"start":{"line":69,"column":2},"end":{"line":75,"column":3}},"38":{"start":{"line":70,"column":19},"end":{"line":70,"column":37}},"39":{"start":{"line":71,"column":4},"end":{"line":71,"column":21}},"40":{"start":{"line":73,"column":4},"end":{"line":73,"column":23}},"41":{"start":{"line":74,"column":4},"end":{"line":74,"column":49}},"42":{"start":{"line":79,"column":0},"end":{"line":79,"column":21}}},"fnMap":{"0":{"name":"(anonymous_0)","decl":{"start":{"line":28,"column":21},"end":{"line":28,"column":22}},"loc":{"start":{"line":28,"column":41},"end":{"line":45,"column":1}},"line":28},"1":{"name":"(anonymous_1)","decl":{"start":{"line":36,"column":44},"end":{"line":36,"column":45}},"loc":{"start":{"line":36,"column":62},"end":{"line":44,"column":3}},"line":36},"2":{"name":"(anonymous_2)","decl":{"start":{"line":54,"column":8},"end":{"line":54,"column":9}},"loc":{"start":{"line":54,"column":28},"end":{"line":56,"column":1}},"line":54},"3":{"name":"(anonymous_3)","decl":{"start":{"line":59,"column":8},"end":{"line":59,"column":9}},"loc":{"start":{"line":59,"column":27},"end":{"line":66,"column":1}},"line":59},"4":{"name":"(anonymous_4)","decl":{"start":{"line":68,"column":19},"end":{"line":68,"column":20}},"loc":{"start":{"line":68,"column":38},"end":{"line":76,"column":1}},"line":68}},"branchMap":{"0":{"loc":{"start":{"line":32,"column":2},"end":{"line":34,"column":3}},"type":"if","locations":[{"start":{"line":32,"column":2},"end":{"line":34,"column":3}},{"start":{},"end":{}}],"line":32},"1":{"loc":{"start":{"line":37,"column":4},"end":{"line":43,"column":5}},"type":"if","locations":[{"start":{"line":37,"column":4},"end":{"line":43,"column":5}},{"start":{"line":40,"column":11},"end":{"line":43,"column":5}}],"line":37},"2":{"loc":{"start":{"line":62,"column":21},"end":{"line":62,"column":68}},"type":"cond-expr","locations":[{"start":{"line":62,"column":60},"end":{"line":62,"column":63}},{"start":{"line":62,"column":66},"end":{"line":62,"column":68}}],"line":62},"3":{"loc":{"start":{"line":65,"column":13},"end":{"line":65,"column":30}},"type":"binary-expr","locations":[{"start":{"line":65,"column":13},"end":{"line":65,"column":23}},{"start":{"line":65,"column":27},"end":{"line":65,"column":30}}],"line":65}},"s":{"0":2,"1":2,"2":2,"3":2,"4":2,"5":2,"6":2,"7":2,"8":2,"9":2,"10":2,"11":2,"12":2,"13":2,"14":2,"15":2,"16":2,"17":2,"18":0,"19":0,"20":0,"21":0,"22":0,"23":0,"24":0,"25":0,"26":0,"27":2,"28":2,"29":2,"30":2,"31":0,"32":2,"33":0,"34":0,"35":0,"36":2,"37":0,"38":0,"39":0,"40":0,"41":0,"42":2},"f":{"0":0,"1":0,"2":0,"3":0,"4":0},"b":{"0":[0,0],"1":[0,0],"2":[0,0],"3":[0,0]},"_coverageSchema":"1a1c01bbd47fc00a2c39e90264f33305004495a9","hash":"2f56439e257e86d8ac2d090c913b484319cf4471"}
,"/Users/husnainrashid/Documents/Works/London_On_A_Budget/server/controllers/api_events.js": {"path":"/Users/husnainrashid/Documents/Works/London_On_A_Budget/server/controllers/api_events.js","statementMap":{"0":{"start":{"line":1,"column":17},"end":{"line":1,"column":47}},"1":{"start":{"line":2,"column":14},"end":{"line":2,"column":30}},"2":{"start":{"line":6,"column":28},"end":{"line":81,"column":1}},"3":{"start":{"line":8,"column":4},"end":{"line":35,"column":5}},"4":{"start":{"line":9,"column":23},"end":{"line":11,"column":7}},"5":{"start":{"line":13,"column":21},"end":{"line":13,"column":51}},"6":{"start":{"line":15,"column":24},"end":{"line":27,"column":8}},"7":{"start":{"line":16,"column":8},"end":{"line":26,"column":11}},"8":{"start":{"line":29,"column":6},"end":{"line":29,"column":43}},"9":{"start":{"line":31,"column":6},"end":{"line":31,"column":23}},"10":{"start":{"line":33,"column":6},"end":{"line":33,"column":25}},"11":{"start":{"line":34,"column":6},"end":{"line":34,"column":18}},"12":{"start":{"line":38,"column":4},"end":{"line":79,"column":5}},"13":{"start":{"line":39,"column":31},"end":{"line":39,"column":71}},"14":{"start":{"line":41,"column":6},"end":{"line":76,"column":7}},"15":{"start":{"line":43,"column":8},"end":{"line":43,"column":33}},"16":{"start":{"line":44,"column":8},"end":{"line":44,"column":43}},"17":{"start":{"line":45,"column":8},"end":{"line":45,"column":30}},"18":{"start":{"line":47,"column":25},"end":{"line":47,"column":168}},"19":{"start":{"line":49,"column":26},"end":{"line":49,"column":39}},"20":{"start":{"line":52,"column":25},"end":{"line":68,"column":10}},"21":{"start":{"line":67,"column":82},"end":{"line":67,"column":116}},"22":{"start":{"line":70,"column":8},"end":{"line":70,"column":30}},"23":{"start":{"line":72,"column":8},"end":{"line":72,"column":40}},"24":{"start":{"line":73,"column":8},"end":{"line":73,"column":30}},"25":{"start":{"line":75,"column":8},"end":{"line":75,"column":66}},"26":{"start":{"line":78,"column":6},"end":{"line":78,"column":27}},"27":{"start":{"line":83,"column":0},"end":{"line":83,"column":37}}},"fnMap":{"0":{"name":"(anonymous_0)","decl":{"start":{"line":7,"column":13},"end":{"line":7,"column":14}},"loc":{"start":{"line":7,"column":25},"end":{"line":36,"column":3}},"line":7},"1":{"name":"(anonymous_1)","decl":{"start":{"line":15,"column":35},"end":{"line":15,"column":36}},"loc":{"start":{"line":15,"column":46},"end":{"line":27,"column":7}},"line":15},"2":{"name":"(anonymous_2)","decl":{"start":{"line":37,"column":10},"end":{"line":37,"column":11}},"loc":{"start":{"line":37,"column":22},"end":{"line":80,"column":3}},"line":37},"3":{"name":"(anonymous_3)","decl":{"start":{"line":67,"column":72},"end":{"line":67,"column":73}},"loc":{"start":{"line":67,"column":82},"end":{"line":67,"column":116}},"line":67}},"branchMap":{"0":{"loc":{"start":{"line":60,"column":23},"end":{"line":60,"column":68}},"type":"binary-expr","locations":[{"start":{"line":60,"column":23},"end":{"line":60,"column":37}},{"start":{"line":60,"column":41},"end":{"line":60,"column":62}},{"start":{"line":60,"column":66},"end":{"line":60,"column":68}}],"line":60},"1":{"loc":{"start":{"line":62,"column":20},"end":{"line":62,"column":114}},"type":"cond-expr","locations":[{"start":{"line":62,"column":60},"end":{"line":62,"column":102}},{"start":{"line":62,"column":105},"end":{"line":62,"column":114}}],"line":62},"2":{"loc":{"start":{"line":63,"column":25},"end":{"line":63,"column":91}},"type":"cond-expr","locations":[{"start":{"line":63,"column":51},"end":{"line":63,"column":79}},{"start":{"line":63,"column":82},"end":{"line":63,"column":91}}],"line":63},"3":{"loc":{"start":{"line":64,"column":28},"end":{"line":64,"column":110}},"type":"cond-expr","locations":[{"start":{"line":64,"column":96},"end":{"line":64,"column":101}},{"start":{"line":64,"column":104},"end":{"line":64,"column":110}}],"line":64},"4":{"loc":{"start":{"line":64,"column":28},"end":{"line":64,"column":93}},"type":"binary-expr","locations":[{"start":{"line":64,"column":28},"end":{"line":64,"column":42}},{"start":{"line":64,"column":46},"end":{"line":64,"column":93}}],"line":64},"5":{"loc":{"start":{"line":65,"column":25},"end":{"line":65,"column":110}},"type":"cond-expr","locations":[{"start":{"line":65,"column":53},"end":{"line":65,"column":98}},{"start":{"line":65,"column":101},"end":{"line":65,"column":110}}],"line":65},"6":{"loc":{"start":{"line":67,"column":22},"end":{"line":67,"column":123}},"type":"cond-expr","locations":[{"start":{"line":67,"column":46},"end":{"line":67,"column":118}},{"start":{"line":67,"column":121},"end":{"line":67,"column":123}}],"line":67}},"s":{"0":3,"1":3,"2":3,"3":0,"4":0,"5":0,"6":0,"7":0,"8":0,"9":0,"10":0,"11":0,"12":0,"13":0,"14":0,"15":0,"16":0,"17":0,"18":0,"19":0,"20":0,"21":0,"22":0,"23":0,"24":0,"25":0,"26":0,"27":3},"f":{"0":0,"1":0,"2":0,"3":0},"b":{"0":[0,0,0],"1":[0,0],"2":[0,0],"3":[0,0],"4":[0,0],"5":[0,0],"6":[0,0]},"_coverageSchema":"1a1c01bbd47fc00a2c39e90264f33305004495a9","hash":"75c46db4755dc44388be830300e57ab42e04e9ed"}
,"/Users/husnainrashid/Documents/Works/London_On_A_Budget/server/controllers/tokens.js": {"path":"/Users/husnainrashid/Documents/Works/London_On_A_Budget/server/controllers/tokens.js","statementMap":{"0":{"start":{"line":1,"column":13},"end":{"line":1,"column":38}},"1":{"start":{"line":2,"column":23},"end":{"line":2,"column":59}},"2":{"start":{"line":4,"column":27},"end":{"line":22,"column":1}},"3":{"start":{"line":6,"column":18},"end":{"line":6,"column":32}},"4":{"start":{"line":7,"column":21},"end":{"line":7,"column":38}},"5":{"start":{"line":9,"column":4},"end":{"line":20,"column":7}},"6":{"start":{"line":10,"column":6},"end":{"line":19,"column":7}},"7":{"start":{"line":11,"column":8},"end":{"line":11,"column":50}},"8":{"start":{"line":12,"column":8},"end":{"line":12,"column":56}},"9":{"start":{"line":13,"column":13},"end":{"line":19,"column":7}},"10":{"start":{"line":14,"column":8},"end":{"line":14,"column":58}},"11":{"start":{"line":15,"column":8},"end":{"line":15,"column":56}},"12":{"start":{"line":17,"column":22},"end":{"line":17,"column":64}},"13":{"start":{"line":18,"column":8},"end":{"line":18,"column":61}},"14":{"start":{"line":24,"column":0},"end":{"line":24,"column":36}}},"fnMap":{"0":{"name":"(anonymous_0)","decl":{"start":{"line":5,"column":10},"end":{"line":5,"column":11}},"loc":{"start":{"line":5,"column":24},"end":{"line":21,"column":3}},"line":5},"1":{"name":"(anonymous_1)","decl":{"start":{"line":9,"column":40},"end":{"line":9,"column":41}},"loc":{"start":{"line":9,"column":56},"end":{"line":20,"column":5}},"line":9}},"branchMap":{"0":{"loc":{"start":{"line":10,"column":6},"end":{"line":19,"column":7}},"type":"if","locations":[{"start":{"line":10,"column":6},"end":{"line":19,"column":7}},{"start":{"line":13,"column":13},"end":{"line":19,"column":7}}],"line":10},"1":{"loc":{"start":{"line":13,"column":13},"end":{"line":19,"column":7}},"type":"if","locations":[{"start":{"line":13,"column":13},"end":{"line":19,"column":7}},{"start":{"line":16,"column":13},"end":{"line":19,"column":7}}],"line":13}},"s":{"0":2,"1":2,"2":2,"3":2,"4":2,"5":2,"6":2,"7":1,"8":1,"9":1,"10":0,"11":0,"12":1,"13":1,"14":2},"f":{"0":2,"1":2},"b":{"0":[1,1],"1":[0,1]},"_coverageSchema":"1a1c01bbd47fc00a2c39e90264f33305004495a9","hash":"2a7aeb81e95172f6939c4d8d433a7fe62fac43e1"}
,"/Users/husnainrashid/Documents/Works/London_On_A_Budget/server/controllers/users.js": {"path":"/Users/husnainrashid/Documents/Works/London_On_A_Budget/server/controllers/users.js","statementMap":{"0":{"start":{"line":1,"column":13},"end":{"line":1,"column":38}},"1":{"start":{"line":3,"column":24},"end":{"line":28,"column":1}},"2":{"start":{"line":5,"column":4},"end":{"line":5,"column":40}},"3":{"start":{"line":6,"column":17},"end":{"line":6,"column":35}},"4":{"start":{"line":7,"column":4},"end":{"line":13,"column":7}},"5":{"start":{"line":8,"column":6},"end":{"line":12,"column":7}},"6":{"start":{"line":9,"column":8},"end":{"line":9,"column":57}},"7":{"start":{"line":11,"column":8},"end":{"line":11,"column":71}},"8":{"start":{"line":17,"column":18},"end":{"line":17,"column":33}},"9":{"start":{"line":18,"column":4},"end":{"line":26,"column":7}},"10":{"start":{"line":19,"column":6},"end":{"line":25,"column":7}},"11":{"start":{"line":20,"column":8},"end":{"line":20,"column":74}},"12":{"start":{"line":21,"column":13},"end":{"line":25,"column":7}},"13":{"start":{"line":22,"column":8},"end":{"line":22,"column":60}},"14":{"start":{"line":24,"column":8},"end":{"line":24,"column":39}},"15":{"start":{"line":43,"column":0},"end":{"line":43,"column":33}}},"fnMap":{"0":{"name":"(anonymous_0)","decl":{"start":{"line":4,"column":10},"end":{"line":4,"column":11}},"loc":{"start":{"line":4,"column":24},"end":{"line":14,"column":3}},"line":4},"1":{"name":"(anonymous_1)","decl":{"start":{"line":7,"column":14},"end":{"line":7,"column":15}},"loc":{"start":{"line":7,"column":23},"end":{"line":13,"column":5}},"line":7},"2":{"name":"(anonymous_2)","decl":{"start":{"line":16,"column":8},"end":{"line":16,"column":9}},"loc":{"start":{"line":16,"column":28},"end":{"line":27,"column":3}},"line":16},"3":{"name":"(anonymous_3)","decl":{"start":{"line":18,"column":35},"end":{"line":18,"column":36}},"loc":{"start":{"line":18,"column":50},"end":{"line":26,"column":5}},"line":18}},"branchMap":{"0":{"loc":{"start":{"line":8,"column":6},"end":{"line":12,"column":7}},"type":"if","locations":[{"start":{"line":8,"column":6},"end":{"line":12,"column":7}},{"start":{"line":10,"column":13},"end":{"line":12,"column":7}}],"line":8},"1":{"loc":{"start":{"line":19,"column":6},"end":{"line":25,"column":7}},"type":"if","locations":[{"start":{"line":19,"column":6},"end":{"line":25,"column":7}},{"start":{"line":21,"column":13},"end":{"line":25,"column":7}}],"line":19},"2":{"loc":{"start":{"line":21,"column":13},"end":{"line":25,"column":7}},"type":"if","locations":[{"start":{"line":21,"column":13},"end":{"line":25,"column":7}},{"start":{"line":23,"column":13},"end":{"line":25,"column":7}}],"line":21}},"s":{"0":2,"1":2,"2":8,"3":8,"4":8,"5":8,"6":4,"7":4,"8":2,"9":2,"10":2,"11":0,"12":2,"13":1,"14":1,"15":2},"f":{"0":8,"1":8,"2":2,"3":2},"b":{"0":[4,4],"1":[0,2],"2":[1,1]},"_coverageSchema":"1a1c01bbd47fc00a2c39e90264f33305004495a9","hash":"99c859fe3276d811ad2b9be9bd965ca25f413673"}
,"/Users/husnainrashid/Documents/Works/London_On_A_Budget/server/models/api_event.js": {"path":"/Users/husnainrashid/Documents/Works/London_On_A_Budget/server/models/api_event.js","statementMap":{"0":{"start":{"line":1,"column":17},"end":{"line":1,"column":36}},"1":{"start":{"line":4,"column":23},"end":{"line":44,"column":6}},"2":{"start":{"line":47,"column":17},"end":{"line":47,"column":59}},"3":{"start":{"line":49,"column":0},"end":{"line":49,"column":26}}},"fnMap":{},"branchMap":{},"s":{"0":4,"1":4,"2":4,"3":4},"f":{},"b":{},"_coverageSchema":"1a1c01bbd47fc00a2c39e90264f33305004495a9","hash":"ca53c21d6431177cd8add51c0c0a45b825b017e2"}
,"/Users/husnainrashid/Documents/Works/London_On_A_Budget/server/models/event.js": {"path":"/Users/husnainrashid/Documents/Works/London_On_A_Budget/server/models/event.js","statementMap":{"0":{"start":{"line":1,"column":17},"end":{"line":1,"column":36}},"1":{"start":{"line":4,"column":20},"end":{"line":70,"column":6}},"2":{"start":{"line":73,"column":14},"end":{"line":73,"column":50}},"3":{"start":{"line":75,"column":0},"end":{"line":75,"column":23}}},"fnMap":{},"branchMap":{},"s":{"0":1,"1":1,"2":1,"3":1},"f":{},"b":{},"_coverageSchema":"1a1c01bbd47fc00a2c39e90264f33305004495a9","hash":"f0a60ffb1fe68c360d47f3d129e10e2b02d3c88b"}
,"/Users/husnainrashid/Documents/Works/London_On_A_Budget/server/models/token_generator.js": {"path":"/Users/husnainrashid/Documents/Works/London_On_A_Budget/server/models/token_generator.js","statementMap":{"0":{"start":{"line":1,"column":12},"end":{"line":1,"column":35}},"1":{"start":{"line":2,"column":15},"end":{"line":2,"column":37}},"2":{"start":{"line":6,"column":4},"end":{"line":15,"column":6}},"3":{"start":{"line":19,"column":0},"end":{"line":19,"column":32}}},"fnMap":{"0":{"name":"(anonymous_0)","decl":{"start":{"line":5,"column":2},"end":{"line":5,"column":3}},"loc":{"start":{"line":5,"column":31},"end":{"line":16,"column":3}},"line":5}},"branchMap":{},"s":{"0":3,"1":3,"2":2,"3":3},"f":{"0":2},"b":{},"_coverageSchema":"1a1c01bbd47fc00a2c39e90264f33305004495a9","hash":"2ef5093482fd16674bdba6d44757ee84ad54ec2f"}
,"/Users/husnainrashid/Documents/Works/London_On_A_Budget/server/models/user.js": {"path":"/Users/husnainrashid/Documents/Works/London_On_A_Budget/server/models/user.js","statementMap":{"0":{"start":{"line":1,"column":17},"end":{"line":1,"column":36}},"1":{"start":{"line":3,"column":19},"end":{"line":8,"column":2}},"2":{"start":{"line":10,"column":13},"end":{"line":10,"column":47}},"3":{"start":{"line":12,"column":0},"end":{"line":12,"column":22}}},"fnMap":{},"branchMap":{},"s":{"0":3,"1":3,"2":3,"3":3},"f":{},"b":{},"_coverageSchema":"1a1c01bbd47fc00a2c39e90264f33305004495a9","hash":"03cd7808c414199b810b217ff73613e92bfb4d4c"}
,"/Users/husnainrashid/Documents/Works/London_On_A_Budget/server/routes/api_events.js": {"path":"/Users/husnainrashid/Documents/Works/London_On_A_Budget/server/routes/api_events.js","statementMap":{"0":{"start":{"line":1,"column":16},"end":{"line":1,"column":34}},"1":{"start":{"line":2,"column":28},"end":{"line":2,"column":64}},"2":{"start":{"line":3,"column":15},"end":{"line":3,"column":31}},"3":{"start":{"line":5,"column":0},"end":{"line":13,"column":3}},"4":{"start":{"line":6,"column":17},"end":{"line":6,"column":54}},"5":{"start":{"line":8,"column":2},"end":{"line":12,"column":3}},"6":{"start":{"line":9,"column":4},"end":{"line":9,"column":33}},"7":{"start":{"line":11,"column":4},"end":{"line":11,"column":74}},"8":{"start":{"line":14,"column":0},"end":{"line":21,"column":2}},"9":{"start":{"line":15,"column":2},"end":{"line":20,"column":3}},"10":{"start":{"line":16,"column":4},"end":{"line":16,"column":38}},"11":{"start":{"line":17,"column":4},"end":{"line":17,"column":59}},"12":{"start":{"line":19,"column":4},"end":{"line":19,"column":22}},"13":{"start":{"line":23,"column":0},"end":{"line":23,"column":24}}},"fnMap":{"0":{"name":"(anonymous_0)","decl":{"start":{"line":5,"column":17},"end":{"line":5,"column":18}},"loc":{"start":{"line":5,"column":37},"end":{"line":13,"column":1}},"line":5},"1":{"name":"(anonymous_1)","decl":{"start":{"line":14,"column":16},"end":{"line":14,"column":17}},"loc":{"start":{"line":14,"column":35},"end":{"line":21,"column":1}},"line":14}},"branchMap":{"0":{"loc":{"start":{"line":8,"column":2},"end":{"line":12,"column":3}},"type":"if","locations":[{"start":{"line":8,"column":2},"end":{"line":12,"column":3}},{"start":{"line":10,"column":9},"end":{"line":12,"column":3}}],"line":8}},"s":{"0":2,"1":2,"2":2,"3":2,"4":0,"5":0,"6":0,"7":0,"8":2,"9":0,"10":0,"11":0,"12":0,"13":2},"f":{"0":0,"1":0},"b":{"0":[0,0]},"_coverageSchema":"1a1c01bbd47fc00a2c39e90264f33305004495a9","hash":"97d4a48a2c71e4fd1ea9ff8f8092a1d2d58640a9"}
,"/Users/husnainrashid/Documents/Works/London_On_A_Budget/server/routes/tokens.js": {"path":"/Users/husnainrashid/Documents/Works/London_On_A_Budget/server/routes/tokens.js","statementMap":{"0":{"start":{"line":1,"column":16},"end":{"line":1,"column":34}},"1":{"start":{"line":2,"column":15},"end":{"line":2,"column":31}},"2":{"start":{"line":4,"column":25},"end":{"line":4,"column":57}},"3":{"start":{"line":6,"column":0},"end":{"line":6,"column":42}},"4":{"start":{"line":8,"column":0},"end":{"line":8,"column":24}}},"fnMap":{},"branchMap":{},"s":{"0":2,"1":2,"2":2,"3":2,"4":2},"f":{},"b":{},"_coverageSchema":"1a1c01bbd47fc00a2c39e90264f33305004495a9","hash":"5ef98928dde246000fecb0b33a65ffc8fed0ee20"}
,"/Users/husnainrashid/Documents/Works/London_On_A_Budget/server/routes/users.js": {"path":"/Users/husnainrashid/Documents/Works/London_On_A_Budget/server/routes/users.js","statementMap":{"0":{"start":{"line":1,"column":16},"end":{"line":1,"column":34}},"1":{"start":{"line":2,"column":15},"end":{"line":2,"column":31}},"2":{"start":{"line":4,"column":24},"end":{"line":4,"column":55}},"3":{"start":{"line":6,"column":0},"end":{"line":6,"column":41}},"4":{"start":{"line":7,"column":0},"end":{"line":7,"column":38}},"5":{"start":{"line":9,"column":0},"end":{"line":9,"column":24}}},"fnMap":{},"branchMap":{},"s":{"0":2,"1":2,"2":2,"3":2,"4":2,"5":2},"f":{},"b":{},"_coverageSchema":"1a1c01bbd47fc00a2c39e90264f33305004495a9","hash":"a53de69dec8794e491595429a37a5902374a9cae"}
,"/Users/husnainrashid/Documents/Works/London_On_A_Budget/server/spec/mongodb_helper.js": {"path":"/Users/husnainrashid/Documents/Works/London_On_A_Budget/server/spec/mongodb_helper.js","statementMap":{"0":{"start":{"line":1,"column":15},"end":{"line":1,"column":34}},"1":{"start":{"line":3,"column":0},"end":{"line":14,"column":3}},"2":{"start":{"line":4,"column":2},"end":{"line":7,"column":5}},"3":{"start":{"line":9,"column":11},"end":{"line":9,"column":30}},"4":{"start":{"line":10,"column":2},"end":{"line":10,"column":75}},"5":{"start":{"line":11,"column":2},"end":{"line":13,"column":5}},"6":{"start":{"line":12,"column":4},"end":{"line":12,"column":11}},"7":{"start":{"line":16,"column":0},"end":{"line":20,"column":3}},"8":{"start":{"line":17,"column":2},"end":{"line":19,"column":5}},"9":{"start":{"line":18,"column":4},"end":{"line":18,"column":11}}},"fnMap":{"0":{"name":"(anonymous_0)","decl":{"start":{"line":3,"column":10},"end":{"line":3,"column":11}},"loc":{"start":{"line":3,"column":26},"end":{"line":14,"column":1}},"line":3},"1":{"name":"(anonymous_1)","decl":{"start":{"line":11,"column":16},"end":{"line":11,"column":17}},"loc":{"start":{"line":11,"column":28},"end":{"line":13,"column":3}},"line":11},"2":{"name":"(anonymous_2)","decl":{"start":{"line":16,"column":9},"end":{"line":16,"column":10}},"loc":{"start":{"line":16,"column":25},"end":{"line":20,"column":1}},"line":16},"3":{"name":"(anonymous_3)","decl":{"start":{"line":17,"column":34},"end":{"line":17,"column":35}},"loc":{"start":{"line":17,"column":46},"end":{"line":19,"column":3}},"line":17}},"branchMap":{},"s":{"0":4,"1":4,"2":4,"3":4,"4":4,"5":4,"6":4,"7":4,"8":4,"9":4},"f":{"0":4,"1":4,"2":4,"3":4},"b":{},"_coverageSchema":"1a1c01bbd47fc00a2c39e90264f33305004495a9","hash":"15fbb8255312552e9e45adccc4d2b0ca8059e3fe"}
}
