{"/Users/husnainrashid/Documents/Works/London_On_A_Budget/server/app.js": {"path":"/Users/husnainrashid/Documents/Works/London_On_A_Budget/server/app.js","statementMap":{"0":{"start":{"line":1,"column":20},"end":{"line":1,"column":42}},"1":{"start":{"line":2,"column":16},"end":{"line":2,"column":34}},"2":{"start":{"line":3,"column":13},"end":{"line":3,"column":28}},"3":{"start":{"line":4,"column":15},"end":{"line":4,"column":32}},"4":{"start":{"line":5,"column":12},"end":{"line":5,"column":35}},"5":{"start":{"line":6,"column":14},"end":{"line":6,"column":30}},"6":{"start":{"line":8,"column":21},"end":{"line":8,"column":47}},"7":{"start":{"line":9,"column":20},"end":{"line":9,"column":45}},"8":{"start":{"line":11,"column":12},"end":{"line":11,"column":21}},"9":{"start":{"line":14,"column":0},"end":{"line":14,"column":24}},"10":{"start":{"line":16,"column":0},"end":{"line":16,"column":23}},"11":{"start":{"line":17,"column":0},"end":{"line":17,"column":24}},"12":{"start":{"line":18,"column":0},"end":{"line":18,"column":56}},"13":{"start":{"line":21,"column":21},"end":{"line":38,"column":1}},"14":{"start":{"line":23,"column":21},"end":{"line":23,"column":45}},"15":{"start":{"line":25,"column":2},"end":{"line":27,"column":3}},"16":{"start":{"line":26,"column":4},"end":{"line":26,"column":32}},"17":{"start":{"line":29,"column":2},"end":{"line":37,"column":5}},"18":{"start":{"line":30,"column":4},"end":{"line":36,"column":5}},"19":{"start":{"line":31,"column":6},"end":{"line":31,"column":23}},"20":{"start":{"line":32,"column":6},"end":{"line":32,"column":54}},"21":{"start":{"line":34,"column":6},"end":{"line":34,"column":36}},"22":{"start":{"line":35,"column":6},"end":{"line":35,"column":13}},"23":{"start":{"line":41,"column":0},"end":{"line":41,"column":33}},"24":{"start":{"line":42,"column":0},"end":{"line":42,"column":31}},"25":{"start":{"line":45,"column":0},"end":{"line":47,"column":3}},"26":{"start":{"line":46,"column":2},"end":{"line":46,"column":25}},"27":{"start":{"line":50,"column":0},"end":{"line":57,"column":3}},"28":{"start":{"line":52,"column":2},"end":{"line":52,"column":35}},"29":{"start":{"line":53,"column":2},"end":{"line":53,"column":69}},"30":{"start":{"line":56,"column":2},"end":{"line":56,"column":66}},"31":{"start":{"line":59,"column":0},"end":{"line":59,"column":21}}},"fnMap":{"0":{"name":"(anonymous_0)","decl":{"start":{"line":21,"column":21},"end":{"line":21,"column":22}},"loc":{"start":{"line":21,"column":41},"end":{"line":38,"column":1}},"line":21},"1":{"name":"(anonymous_1)","decl":{"start":{"line":29,"column":44},"end":{"line":29,"column":45}},"loc":{"start":{"line":29,"column":62},"end":{"line":37,"column":3}},"line":29},"2":{"name":"(anonymous_2)","decl":{"start":{"line":45,"column":8},"end":{"line":45,"column":9}},"loc":{"start":{"line":45,"column":28},"end":{"line":47,"column":1}},"line":45},"3":{"name":"(anonymous_3)","decl":{"start":{"line":50,"column":8},"end":{"line":50,"column":9}},"loc":{"start":{"line":50,"column":27},"end":{"line":57,"column":1}},"line":50}},"branchMap":{"0":{"loc":{"start":{"line":25,"column":2},"end":{"line":27,"column":3}},"type":"if","locations":[{"start":{"line":25,"column":2},"end":{"line":27,"column":3}},{"start":{},"end":{}}],"line":25},"1":{"loc":{"start":{"line":30,"column":4},"end":{"line":36,"column":5}},"type":"if","locations":[{"start":{"line":30,"column":4},"end":{"line":36,"column":5}},{"start":{"line":33,"column":11},"end":{"line":36,"column":5}}],"line":30},"2":{"loc":{"start":{"line":53,"column":21},"end":{"line":53,"column":68}},"type":"cond-expr","locations":[{"start":{"line":53,"column":60},"end":{"line":53,"column":63}},{"start":{"line":53,"column":66},"end":{"line":53,"column":68}}],"line":53},"3":{"loc":{"start":{"line":56,"column":13},"end":{"line":56,"column":30}},"type":"binary-expr","locations":[{"start":{"line":56,"column":13},"end":{"line":56,"column":23}},{"start":{"line":56,"column":27},"end":{"line":56,"column":30}}],"line":56}},"s":{"0":2,"1":2,"2":2,"3":2,"4":2,"5":2,"6":2,"7":2,"8":2,"9":2,"10":2,"11":2,"12":2,"13":2,"14":0,"15":0,"16":0,"17":0,"18":0,"19":0,"20":0,"21":0,"22":0,"23":2,"24":2,"25":2,"26":0,"27":2,"28":0,"29":0,"30":0,"31":2},"f":{"0":0,"1":0,"2":0,"3":0},"b":{"0":[0,0],"1":[0,0],"2":[0,0],"3":[0,0]},"_coverageSchema":"1a1c01bbd47fc00a2c39e90264f33305004495a9","hash":"019c991708b56eb24ffa61610bc22c212187aa45"}
,"/Users/husnainrashid/Documents/Works/London_On_A_Budget/server/controllers/tokens.js": {"path":"/Users/husnainrashid/Documents/Works/London_On_A_Budget/server/controllers/tokens.js","statementMap":{"0":{"start":{"line":1,"column":13},"end":{"line":1,"column":38}},"1":{"start":{"line":2,"column":23},"end":{"line":2,"column":59}},"2":{"start":{"line":4,"column":27},"end":{"line":22,"column":1}},"3":{"start":{"line":6,"column":18},"end":{"line":6,"column":32}},"4":{"start":{"line":7,"column":21},"end":{"line":7,"column":38}},"5":{"start":{"line":9,"column":4},"end":{"line":20,"column":7}},"6":{"start":{"line":10,"column":6},"end":{"line":19,"column":7}},"7":{"start":{"line":11,"column":8},"end":{"line":11,"column":50}},"8":{"start":{"line":12,"column":8},"end":{"line":12,"column":56}},"9":{"start":{"line":13,"column":13},"end":{"line":19,"column":7}},"10":{"start":{"line":14,"column":8},"end":{"line":14,"column":58}},"11":{"start":{"line":15,"column":8},"end":{"line":15,"column":56}},"12":{"start":{"line":17,"column":22},"end":{"line":17,"column":64}},"13":{"start":{"line":18,"column":8},"end":{"line":18,"column":62}},"14":{"start":{"line":24,"column":0},"end":{"line":24,"column":36}}},"fnMap":{"0":{"name":"(anonymous_0)","decl":{"start":{"line":5,"column":10},"end":{"line":5,"column":11}},"loc":{"start":{"line":5,"column":24},"end":{"line":21,"column":3}},"line":5},"1":{"name":"(anonymous_1)","decl":{"start":{"line":9,"column":40},"end":{"line":9,"column":41}},"loc":{"start":{"line":9,"column":56},"end":{"line":20,"column":5}},"line":9}},"branchMap":{"0":{"loc":{"start":{"line":10,"column":6},"end":{"line":19,"column":7}},"type":"if","locations":[{"start":{"line":10,"column":6},"end":{"line":19,"column":7}},{"start":{"line":13,"column":13},"end":{"line":19,"column":7}}],"line":10},"1":{"loc":{"start":{"line":13,"column":13},"end":{"line":19,"column":7}},"type":"if","locations":[{"start":{"line":13,"column":13},"end":{"line":19,"column":7}},{"start":{"line":16,"column":13},"end":{"line":19,"column":7}}],"line":13}},"s":{"0":2,"1":2,"2":2,"3":2,"4":2,"5":2,"6":2,"7":2,"8":2,"9":0,"10":0,"11":0,"12":0,"13":0,"14":2},"f":{"0":2,"1":2},"b":{"0":[2,0],"1":[0,0]},"_coverageSchema":"1a1c01bbd47fc00a2c39e90264f33305004495a9","hash":"b62a054ac7f9a19408001bfc8c210fb559fba0b2"}
,"/Users/husnainrashid/Documents/Works/London_On_A_Budget/server/controllers/users.js": {"path":"/Users/husnainrashid/Documents/Works/London_On_A_Budget/server/controllers/users.js","statementMap":{"0":{"start":{"line":1,"column":13},"end":{"line":1,"column":38}},"1":{"start":{"line":2,"column":14},"end":{"line":2,"column":40}},"2":{"start":{"line":4,"column":24},"end":{"line":56,"column":1}},"3":{"start":{"line":6,"column":4},"end":{"line":6,"column":40}},"4":{"start":{"line":7,"column":17},"end":{"line":7,"column":35}},"5":{"start":{"line":8,"column":4},"end":{"line":14,"column":7}},"6":{"start":{"line":9,"column":6},"end":{"line":13,"column":7}},"7":{"start":{"line":10,"column":8},"end":{"line":10,"column":57}},"8":{"start":{"line":12,"column":8},"end":{"line":12,"column":71}},"9":{"start":{"line":18,"column":18},"end":{"line":18,"column":33}},"10":{"start":{"line":19,"column":4},"end":{"line":27,"column":7}},"11":{"start":{"line":20,"column":6},"end":{"line":26,"column":7}},"12":{"start":{"line":21,"column":8},"end":{"line":21,"column":74}},"13":{"start":{"line":22,"column":13},"end":{"line":26,"column":7}},"14":{"start":{"line":23,"column":8},"end":{"line":23,"column":60}},"15":{"start":{"line":25,"column":8},"end":{"line":25,"column":39}},"16":{"start":{"line":31,"column":25},"end":{"line":31,"column":58}},"17":{"start":{"line":32,"column":4},"end":{"line":39,"column":7}},"18":{"start":{"line":33,"column":6},"end":{"line":35,"column":7}},"19":{"start":{"line":34,"column":8},"end":{"line":34,"column":18}},"20":{"start":{"line":36,"column":20},"end":{"line":36,"column":66}},"21":{"start":{"line":38,"column":6},"end":{"line":38,"column":67}},"22":{"start":{"line":73,"column":0},"end":{"line":73,"column":33}}},"fnMap":{"0":{"name":"(anonymous_0)","decl":{"start":{"line":5,"column":10},"end":{"line":5,"column":11}},"loc":{"start":{"line":5,"column":24},"end":{"line":15,"column":3}},"line":5},"1":{"name":"(anonymous_1)","decl":{"start":{"line":8,"column":14},"end":{"line":8,"column":15}},"loc":{"start":{"line":8,"column":23},"end":{"line":14,"column":5}},"line":8},"2":{"name":"(anonymous_2)","decl":{"start":{"line":17,"column":8},"end":{"line":17,"column":9}},"loc":{"start":{"line":17,"column":28},"end":{"line":28,"column":3}},"line":17},"3":{"name":"(anonymous_3)","decl":{"start":{"line":19,"column":35},"end":{"line":19,"column":36}},"loc":{"start":{"line":19,"column":50},"end":{"line":27,"column":5}},"line":19},"4":{"name":"(anonymous_4)","decl":{"start":{"line":30,"column":13},"end":{"line":30,"column":14}},"loc":{"start":{"line":30,"column":27},"end":{"line":40,"column":3}},"line":30},"5":{"name":"(anonymous_5)","decl":{"start":{"line":32,"column":22},"end":{"line":32,"column":23}},"loc":{"start":{"line":32,"column":48},"end":{"line":39,"column":5}},"line":32}},"branchMap":{"0":{"loc":{"start":{"line":9,"column":6},"end":{"line":13,"column":7}},"type":"if","locations":[{"start":{"line":9,"column":6},"end":{"line":13,"column":7}},{"start":{"line":11,"column":13},"end":{"line":13,"column":7}}],"line":9},"1":{"loc":{"start":{"line":20,"column":6},"end":{"line":26,"column":7}},"type":"if","locations":[{"start":{"line":20,"column":6},"end":{"line":26,"column":7}},{"start":{"line":22,"column":13},"end":{"line":26,"column":7}}],"line":20},"2":{"loc":{"start":{"line":22,"column":13},"end":{"line":26,"column":7}},"type":"if","locations":[{"start":{"line":22,"column":13},"end":{"line":26,"column":7}},{"start":{"line":24,"column":13},"end":{"line":26,"column":7}}],"line":22},"3":{"loc":{"start":{"line":33,"column":6},"end":{"line":35,"column":7}},"type":"if","locations":[{"start":{"line":33,"column":6},"end":{"line":35,"column":7}},{"start":{},"end":{}}],"line":33}},"s":{"0":2,"1":2,"2":2,"3":8,"4":8,"5":8,"6":8,"7":8,"8":0,"9":2,"10":2,"11":2,"12":0,"13":2,"14":2,"15":0,"16":0,"17":0,"18":0,"19":0,"20":0,"21":0,"22":2},"f":{"0":8,"1":8,"2":2,"3":2,"4":0,"5":0},"b":{"0":[8,0],"1":[0,2],"2":[2,0],"3":[0,0]},"_coverageSchema":"1a1c01bbd47fc00a2c39e90264f33305004495a9","hash":"cd4b01e79199cbebb188fe197063d95d643e88e9"}
,"/Users/husnainrashid/Documents/Works/London_On_A_Budget/server/models/event.js": {"path":"/Users/husnainrashid/Documents/Works/London_On_A_Budget/server/models/event.js","statementMap":{"0":{"start":{"line":1,"column":17},"end":{"line":1,"column":36}},"1":{"start":{"line":4,"column":20},"end":{"line":35,"column":6}},"2":{"start":{"line":38,"column":14},"end":{"line":38,"column":50}},"3":{"start":{"line":40,"column":0},"end":{"line":40,"column":23}}},"fnMap":{},"branchMap":{},"s":{"0":3,"1":3,"2":3,"3":3},"f":{},"b":{},"_coverageSchema":"1a1c01bbd47fc00a2c39e90264f33305004495a9","hash":"891f890432771a4c4b14358a66d34fea9f41d3a5"}
,"/Users/husnainrashid/Documents/Works/London_On_A_Budget/server/models/token_generator.js": {"path":"/Users/husnainrashid/Documents/Works/London_On_A_Budget/server/models/token_generator.js","statementMap":{"0":{"start":{"line":1,"column":12},"end":{"line":1,"column":35}},"1":{"start":{"line":2,"column":15},"end":{"line":2,"column":37}},"2":{"start":{"line":6,"column":4},"end":{"line":15,"column":6}},"3":{"start":{"line":19,"column":0},"end":{"line":19,"column":32}}},"fnMap":{"0":{"name":"(anonymous_0)","decl":{"start":{"line":5,"column":2},"end":{"line":5,"column":3}},"loc":{"start":{"line":5,"column":31},"end":{"line":16,"column":3}},"line":5}},"branchMap":{},"s":{"0":3,"1":3,"2":1,"3":3},"f":{"0":1},"b":{},"_coverageSchema":"1a1c01bbd47fc00a2c39e90264f33305004495a9","hash":"2ef5093482fd16674bdba6d44757ee84ad54ec2f"}
,"/Users/husnainrashid/Documents/Works/London_On_A_Budget/server/models/user.js": {"path":"/Users/husnainrashid/Documents/Works/London_On_A_Budget/server/models/user.js","statementMap":{"0":{"start":{"line":1,"column":17},"end":{"line":1,"column":36}},"1":{"start":{"line":3,"column":19},"end":{"line":10,"column":2}},"2":{"start":{"line":12,"column":13},"end":{"line":12,"column":47}},"3":{"start":{"line":14,"column":0},"end":{"line":14,"column":22}}},"fnMap":{},"branchMap":{},"s":{"0":3,"1":3,"2":3,"3":3},"f":{},"b":{},"_coverageSchema":"1a1c01bbd47fc00a2c39e90264f33305004495a9","hash":"a3154ca9c6fac3232c3fbe7c55a2e4e72553f0ab"}
,"/Users/husnainrashid/Documents/Works/London_On_A_Budget/server/routes/tokens.js": {"path":"/Users/husnainrashid/Documents/Works/London_On_A_Budget/server/routes/tokens.js","statementMap":{"0":{"start":{"line":1,"column":16},"end":{"line":1,"column":34}},"1":{"start":{"line":2,"column":15},"end":{"line":2,"column":31}},"2":{"start":{"line":4,"column":25},"end":{"line":4,"column":57}},"3":{"start":{"line":6,"column":0},"end":{"line":6,"column":42}},"4":{"start":{"line":8,"column":0},"end":{"line":8,"column":24}}},"fnMap":{},"branchMap":{},"s":{"0":2,"1":2,"2":2,"3":2,"4":2},"f":{},"b":{},"_coverageSchema":"1a1c01bbd47fc00a2c39e90264f33305004495a9","hash":"5ef98928dde246000fecb0b33a65ffc8fed0ee20"}
,"/Users/husnainrashid/Documents/Works/London_On_A_Budget/server/routes/users.js": {"path":"/Users/husnainrashid/Documents/Works/London_On_A_Budget/server/routes/users.js","statementMap":{"0":{"start":{"line":1,"column":16},"end":{"line":1,"column":34}},"1":{"start":{"line":2,"column":15},"end":{"line":2,"column":31}},"2":{"start":{"line":4,"column":24},"end":{"line":4,"column":55}},"3":{"start":{"line":6,"column":0},"end":{"line":6,"column":41}},"4":{"start":{"line":7,"column":0},"end":{"line":7,"column":38}},"5":{"start":{"line":9,"column":0},"end":{"line":9,"column":24}}},"fnMap":{},"branchMap":{},"s":{"0":2,"1":2,"2":2,"3":2,"4":2,"5":2},"f":{},"b":{},"_coverageSchema":"1a1c01bbd47fc00a2c39e90264f33305004495a9","hash":"a53de69dec8794e491595429a37a5902374a9cae"}
,"/Users/husnainrashid/Documents/Works/London_On_A_Budget/server/spec/mongodb_helper.js": {"path":"/Users/husnainrashid/Documents/Works/London_On_A_Budget/server/spec/mongodb_helper.js","statementMap":{"0":{"start":{"line":1,"column":15},"end":{"line":1,"column":34}},"1":{"start":{"line":3,"column":0},"end":{"line":14,"column":3}},"2":{"start":{"line":4,"column":2},"end":{"line":7,"column":5}},"3":{"start":{"line":9,"column":11},"end":{"line":9,"column":30}},"4":{"start":{"line":10,"column":2},"end":{"line":10,"column":75}},"5":{"start":{"line":11,"column":2},"end":{"line":13,"column":5}},"6":{"start":{"line":12,"column":4},"end":{"line":12,"column":11}},"7":{"start":{"line":16,"column":0},"end":{"line":20,"column":3}},"8":{"start":{"line":17,"column":2},"end":{"line":19,"column":5}},"9":{"start":{"line":18,"column":4},"end":{"line":18,"column":11}}},"fnMap":{"0":{"name":"(anonymous_0)","decl":{"start":{"line":3,"column":10},"end":{"line":3,"column":11}},"loc":{"start":{"line":3,"column":26},"end":{"line":14,"column":1}},"line":3},"1":{"name":"(anonymous_1)","decl":{"start":{"line":11,"column":16},"end":{"line":11,"column":17}},"loc":{"start":{"line":11,"column":28},"end":{"line":13,"column":3}},"line":11},"2":{"name":"(anonymous_2)","decl":{"start":{"line":16,"column":9},"end":{"line":16,"column":10}},"loc":{"start":{"line":16,"column":25},"end":{"line":20,"column":1}},"line":16},"3":{"name":"(anonymous_3)","decl":{"start":{"line":17,"column":34},"end":{"line":17,"column":35}},"loc":{"start":{"line":17,"column":46},"end":{"line":19,"column":3}},"line":17}},"branchMap":{},"s":{"0":4,"1":4,"2":4,"3":4,"4":4,"5":4,"6":4,"7":4,"8":4,"9":4},"f":{"0":4,"1":4,"2":4,"3":4},"b":{},"_coverageSchema":"1a1c01bbd47fc00a2c39e90264f33305004495a9","hash":"15fbb8255312552e9e45adccc4d2b0ca8059e3fe"}
}
