TN:
SF:server/app.js
FN:29,(anonymous_0)
FN:37,(anonymous_1)
FN:56,(anonymous_2)
FN:61,(anonymous_3)
FNF:4
FNH:1
FNDA:0,(anonymous_0)
FNDA:0,(anonymous_1)
FNDA:2,(anonymous_2)
FNDA:0,(anonymous_3)
DA:1,2
DA:2,2
DA:3,2
DA:4,2
DA:5,2
DA:6,2
DA:8,2
DA:9,2
DA:10,2
DA:11,2
DA:13,2
DA:14,2
DA:16,2
DA:17,2
DA:22,2
DA:24,2
DA:25,2
DA:26,2
DA:29,2
DA:31,0
DA:33,0
DA:34,0
DA:37,0
DA:38,0
DA:39,0
DA:40,0
DA:42,0
DA:43,0
DA:49,2
DA:50,2
DA:51,2
DA:52,2
DA:56,2
DA:57,2
DA:61,2
DA:63,0
DA:64,0
DA:67,0
DA:81,2
LF:39
LH:27
BRDA:33,0,0,0
BRDA:33,0,1,0
BRDA:38,1,0,0
BRDA:38,1,1,0
BRDA:64,2,0,0
BRDA:64,2,1,0
BRDA:67,3,0,0
BRDA:67,3,1,0
BRF:8
BRH:0
end_of_record
TN:
SF:server/controllers/api_events.js
FN:7,(anonymous_0)
FN:15,(anonymous_1)
FN:37,(anonymous_2)
FN:67,(anonymous_3)
FNF:4
FNH:0
FNDA:0,(anonymous_0)
FNDA:0,(anonymous_1)
FNDA:0,(anonymous_2)
FNDA:0,(anonymous_3)
DA:1,3
DA:2,3
DA:6,3
DA:8,0
DA:9,0
DA:13,0
DA:15,0
DA:16,0
DA:29,0
DA:31,0
DA:33,0
DA:34,0
DA:38,0
DA:39,0
DA:41,0
DA:43,0
DA:44,0
DA:45,0
DA:47,0
DA:49,0
DA:52,0
DA:67,0
DA:70,0
DA:72,0
DA:73,0
DA:75,0
DA:78,0
DA:83,3
LF:28
LH:4
BRDA:60,0,0,0
BRDA:60,0,1,0
BRDA:60,0,2,0
BRDA:62,1,0,0
BRDA:62,1,1,0
BRDA:63,2,0,0
BRDA:63,2,1,0
BRDA:64,3,0,0
BRDA:64,3,1,0
BRDA:64,4,0,0
BRDA:64,4,1,0
BRDA:65,5,0,0
BRDA:65,5,1,0
BRDA:67,6,0,0
BRDA:67,6,1,0
BRF:15
BRH:0
end_of_record
TN:
SF:server/controllers/events.js
FN:5,(anonymous_0)
FN:6,(anonymous_1)
FNF:2
FNH:0
FNDA:0,(anonymous_0)
FNDA:0,(anonymous_1)
DA:1,2
DA:2,2
DA:4,2
DA:6,0
DA:7,0
DA:8,0
DA:10,0
DA:11,0
DA:16,2
LF:9
LH:4
BRDA:7,0,0,0
BRDA:7,0,1,0
BRF:2
BRH:0
end_of_record
TN:
SF:server/controllers/tokens.js
FN:5,(anonymous_0)
FN:9,(anonymous_1)
FNF:2
FNH:2
FNDA:2,(anonymous_0)
FNDA:2,(anonymous_1)
DA:1,2
DA:2,2
DA:4,2
DA:6,2
DA:7,2
DA:9,2
DA:10,2
DA:11,2
DA:12,2
DA:13,0
DA:14,0
DA:15,0
DA:17,0
DA:18,0
DA:24,2
LF:15
LH:10
BRDA:10,0,0,2
BRDA:10,0,1,0
BRDA:13,1,0,0
BRDA:13,1,1,0
BRF:4
BRH:1
end_of_record
TN:
SF:server/controllers/users.js
FN:4,(anonymous_0)
FN:7,(anonymous_1)
FN:16,(anonymous_2)
FNF:3
FNH:2
FNDA:8,(anonymous_0)
FNDA:8,(anonymous_1)
FNDA:0,(anonymous_2)
DA:1,2
DA:3,2
DA:5,8
DA:6,8
DA:7,8
DA:8,8
DA:9,4
DA:11,4
DA:17,0
DA:18,0
DA:19,0
DA:20,0
DA:21,0
DA:23,0
DA:25,0
DA:26,0
DA:44,2
LF:17
LH:9
BRDA:8,0,0,4
BRDA:8,0,1,4
BRDA:20,1,0,0
BRDA:20,1,1,0
BRF:4
BRH:2
end_of_record
TN:
SF:server/models/api_event.js
FNF:0
FNH:0
DA:1,4
DA:4,4
DA:47,4
DA:49,4
LF:4
LH:4
BRF:0
BRH:0
end_of_record
TN:
SF:server/models/event.js
FNF:0
FNH:0
DA:1,3
DA:4,3
DA:73,3
DA:75,3
LF:4
LH:4
BRF:0
BRH:0
end_of_record
TN:
SF:server/models/token_generator.js
FN:5,(anonymous_0)
FNF:1
FNH:1
FNDA:1,(anonymous_0)
DA:1,3
DA:2,3
DA:6,1
DA:19,3
LF:4
LH:4
BRF:0
BRH:0
end_of_record
TN:
SF:server/models/user.js
FNF:0
FNH:0
DA:1,3
DA:3,3
DA:10,3
DA:12,3
LF:4
LH:4
BRF:0
BRH:0
end_of_record
TN:
SF:server/routes/api_events.js
FN:5,(anonymous_0)
FN:14,(anonymous_1)
FNF:2
FNH:0
FNDA:0,(anonymous_0)
FNDA:0,(anonymous_1)
DA:1,2
DA:2,2
DA:3,2
DA:5,2
DA:6,0
DA:8,0
DA:9,0
DA:11,0
DA:14,2
DA:15,0
DA:16,0
DA:17,0
DA:19,0
DA:23,2
LF:14
LH:6
BRDA:8,0,0,0
BRDA:8,0,1,0
BRF:2
BRH:0
end_of_record
TN:
SF:server/routes/events.js
FNF:0
FNH:0
DA:1,2
DA:2,2
DA:4,2
DA:6,2
DA:9,2
LF:5
LH:5
BRF:0
BRH:0
end_of_record
TN:
SF:server/routes/tokens.js
FNF:0
FNH:0
DA:1,2
DA:2,2
DA:4,2
DA:6,2
DA:8,2
LF:5
LH:5
BRF:0
BRH:0
end_of_record
TN:
SF:server/routes/users.js
FNF:0
FNH:0
DA:1,2
DA:2,2
DA:4,2
DA:6,2
DA:7,2
DA:9,2
LF:6
LH:6
BRF:0
BRH:0
end_of_record
TN:
SF:server/spec/mongodb_helper.js
FN:3,(anonymous_0)
FN:11,(anonymous_1)
FN:16,(anonymous_2)
FN:17,(anonymous_3)
FNF:4
FNH:4
FNDA:4,(anonymous_0)
FNDA:4,(anonymous_1)
FNDA:4,(anonymous_2)
FNDA:4,(anonymous_3)
DA:1,4
DA:3,4
DA:4,4
DA:9,4
DA:10,4
DA:11,4
DA:12,4
DA:16,4
DA:17,4
DA:18,4
LF:10
LH:10
BRF:0
BRH:0
end_of_record
